<?xml version="1.0" encoding="UTF-8"?>
<!-- Generated by org.testng.reporters.JUnitReportReporter -->
<testsuite skipped="0" hostname="EPINPUNW011C" name="DesignPatterns.FactoryPattern.FactoryDesignTestCaseOne" tests="3" failures="0" timestamp="2023-05-18T14:07:25 IST" time="13.698" errors="0">
  <testcase name="verifyBStackDemoLogo" time="4.477" classname="DesignPatterns.FactoryPattern.FactoryDesignTestCaseOne"/>
  <system-out/>
  <testcase name="verifyBStackDemoTitle" time="1.703" classname="DesignPatterns.FactoryPattern.FactoryDesignTestCaseOne"/>
  <system-out/>
  <testcase name="verifyBStackDemoAddToCart" time="7.518" classname="DesignPatterns.FactoryPattern.FactoryDesignTestCaseOne"/>
  <system-out/>
</testsuite> <!-- DesignPatterns.FactoryPattern.FactoryDesignTestCaseOne -->
